mode: set
github.com/varushsu/excelorm/build.go:84.88,85.20 1 1
github.com/varushsu/excelorm/build.go:85.20,87.3 1 1
github.com/varushsu/excelorm/build.go:88.2,89.16 2 1
github.com/varushsu/excelorm/build.go:89.16,91.3 1 1
github.com/varushsu/excelorm/build.go:92.2,94.39 3 1
github.com/varushsu/excelorm/build.go:97.78,106.27 2 1
github.com/varushsu/excelorm/build.go:106.27,108.3 1 1
github.com/varushsu/excelorm/build.go:110.2,112.15 3 1
github.com/varushsu/excelorm/build.go:112.15,113.14 1 1
github.com/varushsu/excelorm/build.go:113.14,115.4 1 1
github.com/varushsu/excelorm/build.go:117.2,119.41 3 1
github.com/varushsu/excelorm/build.go:119.41,120.24 1 1
github.com/varushsu/excelorm/build.go:120.24,122.4 1 1
github.com/varushsu/excelorm/build.go:123.3,124.22 2 1
github.com/varushsu/excelorm/build.go:124.22,126.4 1 1
github.com/varushsu/excelorm/build.go:128.3,131.10 4 1
github.com/varushsu/excelorm/build.go:131.10,133.50 2 1
github.com/varushsu/excelorm/build.go:133.50,135.5 1 0
github.com/varushsu/excelorm/build.go:136.4,136.58 1 1
github.com/varushsu/excelorm/build.go:136.58,138.5 1 0
github.com/varushsu/excelorm/build.go:139.4,139.25 1 1
github.com/varushsu/excelorm/build.go:141.3,142.20 2 1
github.com/varushsu/excelorm/build.go:143.23,145.18 2 1
github.com/varushsu/excelorm/build.go:145.18,147.5 1 1
github.com/varushsu/excelorm/build.go:148.11,149.55 1 1
github.com/varushsu/excelorm/build.go:152.2,153.16 2 1
github.com/varushsu/excelorm/build.go:153.16,155.3 1 1
github.com/varushsu/excelorm/build.go:156.2,156.27 1 1
github.com/varushsu/excelorm/build.go:156.27,157.35 1 1
github.com/varushsu/excelorm/build.go:157.35,159.4 1 0
github.com/varushsu/excelorm/build.go:163.2,164.41 2 1
github.com/varushsu/excelorm/build.go:164.41,165.41 1 1
github.com/varushsu/excelorm/build.go:165.41,167.9 2 1
github.com/varushsu/excelorm/build.go:170.2,170.50 1 1
github.com/varushsu/excelorm/build.go:170.50,171.41 1 1
github.com/varushsu/excelorm/build.go:171.41,173.9 2 0
github.com/varushsu/excelorm/build.go:176.2,176.37 1 1
github.com/varushsu/excelorm/build.go:176.37,178.17 2 1
github.com/varushsu/excelorm/build.go:178.17,180.4 1 0
github.com/varushsu/excelorm/build.go:182.2,183.15 2 1
github.com/varushsu/excelorm/build.go:186.70,188.22 2 1
github.com/varushsu/excelorm/build.go:188.22,190.3 1 1
github.com/varushsu/excelorm/build.go:191.2,191.31 1 1
github.com/varushsu/excelorm/build.go:191.31,194.17 3 1
github.com/varushsu/excelorm/build.go:194.17,196.4 1 0
github.com/varushsu/excelorm/build.go:197.3,197.16 1 1
github.com/varushsu/excelorm/build.go:197.16,199.12 1 1
github.com/varushsu/excelorm/build.go:201.3,201.49 1 1
github.com/varushsu/excelorm/build.go:201.49,203.4 1 0
github.com/varushsu/excelorm/build.go:206.3,206.50 1 1
github.com/varushsu/excelorm/build.go:206.50,207.47 1 1
github.com/varushsu/excelorm/build.go:207.47,211.5 1 1
github.com/varushsu/excelorm/build.go:211.10,213.5 1 1
github.com/varushsu/excelorm/build.go:216.3,217.45 2 1
github.com/varushsu/excelorm/build.go:217.45,220.20 3 1
github.com/varushsu/excelorm/build.go:220.20,222.5 1 0
github.com/varushsu/excelorm/build.go:222.10,222.28 1 1
github.com/varushsu/excelorm/build.go:222.28,223.13 1 1
github.com/varushsu/excelorm/build.go:225.4,226.18 2 1
github.com/varushsu/excelorm/build.go:226.18,228.5 1 0
github.com/varushsu/excelorm/build.go:229.4,229.69 1 1
github.com/varushsu/excelorm/build.go:229.69,231.5 1 0
github.com/varushsu/excelorm/build.go:234.2,234.12 1 1
github.com/varushsu/excelorm/build.go:239.95,242.16 3 1
github.com/varushsu/excelorm/build.go:242.16,244.3 1 1
github.com/varushsu/excelorm/build.go:245.2,247.55 3 1
github.com/varushsu/excelorm/build.go:247.55,249.3 1 0
github.com/varushsu/excelorm/build.go:250.2,250.20 1 1
github.com/varushsu/excelorm/build.go:270.49,271.32 1 1
github.com/varushsu/excelorm/build.go:271.32,273.3 1 1
github.com/varushsu/excelorm/build.go:276.47,277.32 1 1
github.com/varushsu/excelorm/build.go:277.32,279.3 1 1
github.com/varushsu/excelorm/build.go:282.36,283.32 1 1
github.com/varushsu/excelorm/build.go:283.32,285.3 1 1
github.com/varushsu/excelorm/build.go:289.43,290.32 1 1
github.com/varushsu/excelorm/build.go:290.32,292.3 1 1
github.com/varushsu/excelorm/build.go:296.53,297.32 1 1
github.com/varushsu/excelorm/build.go:297.32,299.3 1 1
github.com/varushsu/excelorm/build.go:303.59,304.32 1 1
github.com/varushsu/excelorm/build.go:304.32,307.3 2 1
github.com/varushsu/excelorm/build.go:311.35,312.32 1 1
github.com/varushsu/excelorm/build.go:312.32,314.3 1 1
github.com/varushsu/excelorm/build.go:318.28,319.32 1 1
github.com/varushsu/excelorm/build.go:319.32,321.3 1 1
github.com/varushsu/excelorm/build.go:324.100,326.54 1 1
github.com/varushsu/excelorm/build.go:326.54,327.51 1 1
github.com/varushsu/excelorm/build.go:327.51,331.4 1 1
github.com/varushsu/excelorm/build.go:331.9,333.4 1 1
github.com/varushsu/excelorm/build.go:336.2,338.36 3 1
github.com/varushsu/excelorm/build.go:338.36,340.45 2 1
github.com/varushsu/excelorm/build.go:340.45,343.20 3 1
github.com/varushsu/excelorm/build.go:343.20,345.5 1 1
github.com/varushsu/excelorm/build.go:346.4,346.20 1 1
github.com/varushsu/excelorm/build.go:346.20,348.5 1 0
github.com/varushsu/excelorm/build.go:349.4,349.35 1 1
github.com/varushsu/excelorm/build.go:351.3,352.17 2 1
github.com/varushsu/excelorm/build.go:352.17,354.4 1 0
github.com/varushsu/excelorm/build.go:355.3,355.52 1 1
github.com/varushsu/excelorm/build.go:355.52,357.4 1 0
github.com/varushsu/excelorm/build.go:360.2,360.23 1 1
github.com/varushsu/excelorm/build.go:360.23,362.3 1 1
github.com/varushsu/excelorm/build.go:364.2,365.44 2 1
github.com/varushsu/excelorm/build.go:365.44,370.20 4 1
github.com/varushsu/excelorm/build.go:371.24,373.16 2 1
github.com/varushsu/excelorm/build.go:373.16,375.5 1 1
github.com/varushsu/excelorm/build.go:375.10,378.18 3 1
github.com/varushsu/excelorm/build.go:382.37,384.42 2 1
github.com/varushsu/excelorm/build.go:385.40,386.32 1 1
github.com/varushsu/excelorm/build.go:386.32,388.6 1 1
github.com/varushsu/excelorm/build.go:388.11,390.6 1 1
github.com/varushsu/excelorm/build.go:391.45,392.32 1 1
github.com/varushsu/excelorm/build.go:392.32,394.6 1 1
github.com/varushsu/excelorm/build.go:394.11,396.6 1 0
github.com/varushsu/excelorm/build.go:397.16,398.35 1 1
github.com/varushsu/excelorm/build.go:399.14,400.42 1 1
github.com/varushsu/excelorm/build.go:400.42,402.6 1 1
github.com/varushsu/excelorm/build.go:402.11,402.51 1 1
github.com/varushsu/excelorm/build.go:402.51,404.6 1 1
github.com/varushsu/excelorm/build.go:404.11,407.6 1 1
github.com/varushsu/excelorm/build.go:408.17,409.111 1 1
github.com/varushsu/excelorm/build.go:410.17,411.102 1 1
github.com/varushsu/excelorm/build.go:412.19,413.68 1 1
github.com/varushsu/excelorm/build.go:414.12,415.52 1 1
github.com/varushsu/excelorm/build.go:419.99,420.55 1 1
github.com/varushsu/excelorm/build.go:423.2,424.16 2 1
github.com/varushsu/excelorm/build.go:424.16,426.3 1 0
github.com/varushsu/excelorm/build.go:427.2,427.51 1 1
github.com/varushsu/excelorm/build.go:427.51,429.3 1 0
github.com/varushsu/excelorm/build.go:430.2,430.12 1 1
github.com/varushsu/excelorm/build.go:440.58,442.24 2 1
github.com/varushsu/excelorm/build.go:442.24,444.3 1 1
github.com/varushsu/excelorm/build.go:445.2,445.21 1 1
github.com/varushsu/excelorm/build.go:445.21,447.3 1 1
github.com/varushsu/excelorm/build.go:448.2,449.41 2 1
github.com/varushsu/excelorm/build.go:454.50,459.42 2 1
github.com/varushsu/excelorm/build.go:459.42,461.3 1 1
github.com/varushsu/excelorm/build.go:462.2,463.14 2 1
github.com/varushsu/excelorm/build.go:463.14,466.3 2 1
github.com/varushsu/excelorm/build.go:467.2,467.17 1 1
